<?xml version="1.0" encoding="UTF-8"?>
<!-- Generated by org.testng.reporters.JUnitReportReporter -->
<testsuite hostname="Sidharth039s-MacBook-Air.local" failures="0" tests="1" name="com.SeleniumDesign.com.SeleniumDesign.Standalone" time="51.054" errors="0" timestamp="2025-05-19T17:02:48 IST" skipped="0">
  <testcase classname="com.SeleniumDesign.com.SeleniumDesign.Standalone" name="urlOpen" time="51.054"/>
  <system-out/>
</testsuite> <!-- com.SeleniumDesign.com.SeleniumDesign.Standalone -->
