<?xml version="1.0" encoding="UTF-8"?>
<!-- Generated by org.testng.reporters.JUnitReportReporter -->
<testsuite hostname="Sidharth039s-MacBook-Air.local" failures="0" tests="2" name="com.SeleniumDesign.com.SeleniumDesign.Standalone" time="117.505" errors="0" timestamp="2025-06-03T11:54:51 IST" skipped="0">
  <testcase classname="com.SeleniumDesign.com.SeleniumDesign.Standalone" name="urlOpen" time="63.748"/>
  <system-out/>
  <testcase classname="com.SeleniumDesign.com.SeleniumDesign.Standalone" name="urlOpen" time="53.757"/>
  <system-out/>
</testsuite> <!-- com.SeleniumDesign.com.SeleniumDesign.Standalone -->
