<?xml version="1.0" encoding="UTF-8"?>
<!-- Generated by org.testng.reporters.JUnitReportReporter -->
<testsuite hostname="Sidharth039s-MacBook-Air.local" failures="0" tests="1" name="com.SeleniumDesign.com.SeleniumDesign.ErrorValidation" time="24.839" errors="0" timestamp="2025-05-19T17:02:48 IST" skipped="0">
  <testcase classname="com.SeleniumDesign.com.SeleniumDesign.ErrorValidation" name="checkErrorMessage" time="24.839"/>
  <system-out/>
</testsuite> <!-- com.SeleniumDesign.com.SeleniumDesign.ErrorValidation -->
